<?xml version="1.0" encoding="UTF-8"?>
<!-- Generated by org.testng.reporters.JUnitReportReporter -->
<testsuite hostname="Roshan-VAIO" name="TestPackage.Sample4" tests="1" failures="0" timestamp="15 Mar 2016 12:32:09 GMT" time="0.025" errors="0">
  <testcase name="f" time="0.025" classname="TestPackage.Sample4"/>
</testsuite> <!-- TestPackage.Sample4 -->
