<?xml version="1.0" encoding="UTF-8"?>
<!-- Generated by org.testng.reporters.JUnitReportReporter -->
<testsuite hostname="Roshan-VAIO" name="TestPackage.Sample1" tests="1" failures="0" timestamp="15 Mar 2016 12:25:10 GMT" time="0.014" errors="0">
  <testcase name="f" time="0.014" classname="TestPackage.Sample1"/>
</testsuite> <!-- TestPackage.Sample1 -->
