<?xml version="1.0" encoding="UTF-8"?>
<!-- Generated by org.testng.reporters.JUnitReportReporter -->
<testsuite hostname="Roshan-VAIO" name="TestPackage.TestLoginapp1" tests="1" failures="0" timestamp="16 Mar 2016 05:39:41 GMT" time="63.074" errors="0">
  <testcase name="LoginIntoApp1" time="63.074" classname="TestPackage.TestLoginapp1"/>
</testsuite> <!-- TestPackage.TestLoginapp1 -->
