<?xml version="1.0" encoding="UTF-8"?>
<!-- Generated by org.testng.reporters.JUnitReportReporter -->
<testsuite hostname="Roshan-VAIO" name="TestPackege.NewTest" tests="1" failures="0" timestamp="14 Mar 2016 11:24:50 GMT" time="55.423" errors="0">
  <testcase name="LoginIntoApp" time="55.423" classname="TestPackege.NewTest"/>
</testsuite> <!-- TestPackege.NewTest -->
