<?xml version="1.0" encoding="UTF-8"?>
<!-- Generated by org.testng.reporters.JUnitReportReporter -->
<testsuite hostname="Roshan-VAIO" name="TestPackage.Login" tests="1" failures="0" timestamp="14 Mar 2016 17:39:51 GMT" time="53.695" errors="0">
  <testcase name="LoginIntoApp" time="53.695" classname="TestPackage.Login"/>
</testsuite> <!-- TestPackage.Login -->
