<?xml version="1.0" encoding="UTF-8"?>
<!-- Generated by org.testng.reporters.JUnitReportReporter -->
<testsuite hostname="Roshan-VAIO" name="TestPackage.NewTest" tests="1" failures="0" timestamp="15 Mar 2016 12:25:30 GMT" time="0.012" errors="0">
  <testcase name="f" time="0.012" classname="TestPackage.NewTest"/>
</testsuite> <!-- TestPackage.NewTest -->
