<?xml version="1.0" encoding="UTF-8"?>
<!-- Generated by org.testng.reporters.JUnitReportReporter -->
<testsuite hostname="Roshan-VAIO" name="TestPackage.TestLoginapp1" tests="1" failures="0" timestamp="28 Mar 2016 18:58:42 GMT" time="52.596" errors="0">
  <testcase name="LoginIntoApp1" time="52.596" classname="TestPackage.TestLoginapp1"/>
</testsuite> <!-- TestPackage.TestLoginapp1 -->
