<?xml version="1.0" encoding="UTF-8"?>
<!-- Generated by org.testng.reporters.JUnitReportReporter -->
<testsuite hostname="Roshan-VAIO" name="TestPackage.TestLoginapp" tests="1" failures="0" timestamp="17 Mar 2016 06:30:26 GMT" time="54.801" errors="0">
  <testcase name="LoginIntoApp" time="54.801" classname="TestPackage.TestLoginapp"/>
</testsuite> <!-- TestPackage.TestLoginapp -->
