<?xml version="1.0" encoding="UTF-8"?>
<!-- Generated by org.testng.reporters.JUnitReportReporter -->
<testsuite hostname="Roshan-VAIO" name="TestPackage.TestLoginapp1" tests="1" failures="0" timestamp="17 Mar 2016 06:30:26 GMT" time="55.373" errors="0">
  <testcase name="LoginIntoApp1" time="55.373" classname="TestPackage.TestLoginapp1"/>
</testsuite> <!-- TestPackage.TestLoginapp1 -->
