<?xml version="1.0" encoding="UTF-8"?>
<!-- Generated by org.testng.reporters.JUnitReportReporter -->
<testsuite hostname="Roshan-VAIO" name="TestPackage.Loginapp" tests="1" failures="0" timestamp="15 Mar 2016 09:52:44 GMT" time="88.933" errors="0">
  <testcase name="LoginIntoApp" time="88.933" classname="TestPackage.Loginapp"/>
</testsuite> <!-- TestPackage.Loginapp -->
