<?xml version="1.0" encoding="UTF-8"?>
<!-- Generated by org.testng.reporters.JUnitReportReporter -->
<testsuite hostname="Roshan-VAIO" name="TestPackage.sample2" tests="1" failures="0" timestamp="15 Mar 2016 12:25:19 GMT" time="0.024" errors="0">
  <testcase name="f" time="0.024" classname="TestPackage.sample2"/>
</testsuite> <!-- TestPackage.sample2 -->
