<?xml version="1.0" encoding="UTF-8"?>
<!-- Generated by org.testng.reporters.JUnitReportReporter -->
<testsuite hostname="Roshan-VAIO" name="TestPackage.TestLoginapp" tests="1" failures="0" timestamp="28 Mar 2016 18:58:42 GMT" time="39.888" errors="0">
  <testcase name="LoginIntoApp" time="39.888" classname="TestPackage.TestLoginapp"/>
</testsuite> <!-- TestPackage.TestLoginapp -->
