<?xml version="1.0" encoding="UTF-8"?>
<!-- Generated by org.testng.reporters.JUnitReportReporter -->
<testsuite hostname="Roshan-VAIO" name="TestPackage.TestLoginapp" tests="1" failures="0" timestamp="16 Mar 2016 05:39:41 GMT" time="88.437" errors="0">
  <testcase name="LoginIntoApp" time="88.437" classname="TestPackage.TestLoginapp"/>
</testsuite> <!-- TestPackage.TestLoginapp -->
